<?xml version="1.0" encoding="UTF-8"?>
<!-- Generated by org.testng.reporters.JUnitXMLReporter -->
<testsuite ignored="0" hostname="GS-2657" failures="1" tests="1" name="Default test" time="27.623" errors="0" timestamp="2020-06-02T17:13:30 IST">
  <testcase classname="cucumber.api.testng.AbstractTestNGCucumberTests" name="runScenario" time="27.43">
    <failure type="java.lang.Exception" message="Unable to locate the Continue button">
      <![CDATA[java.lang.Exception: Unable to locate the Continue button
at com.dkatalis.DkatalisAssignment.CommonUtilities.clickOnButtonByText(CommonUtilities.java:670)
at com.dkatalis.stepdefinition.StepDefination.click_on_button(StepDefination.java:30)
at âœ½.click on "Continue" button(src/test/java/com/dkatalis/DkatalisAssignment/features/Verify_Mindtrans_Scenario.feature:15)
]]>
    </failure>
  </testcase> <!-- runScenario -->
</testsuite> <!-- Default test -->
