<?xml version="1.0" encoding="UTF-8"?>
<!-- Generated by org.testng.reporters.JUnitReportReporter -->
<testsuite hostname="GS-2657" failures="0" tests="1" name="com.dkatalis.testrunner.TestRunner" time="27.430" errors="1" timestamp="2020-06-02T17:13:30 IST" skipped="0">
  <testcase classname="com.dkatalis.testrunner.TestRunner" name="runScenario" time="27.430">
    <error message="Unable to locate the Continue button" type="java.lang.Exception">
      <![CDATA[java.lang.Exception: Unable to locate the Continue button
at com.dkatalis.DkatalisAssignment.CommonUtilities.clickOnButtonByText(CommonUtilities.java:670)
at com.dkatalis.stepdefinition.StepDefination.click_on_button(StepDefination.java:30)
at âœ½.click on "Continue" button(src/test/java/com/dkatalis/DkatalisAssignment/features/Verify_Mindtrans_Scenario.feature:15)
]]>
    </error>
  </testcase> <!-- runScenario -->
</testsuite> <!-- com.dkatalis.testrunner.TestRunner -->
